0 info it worked if it ends with ok
1 verbose cli [ 'C:\\Program Files\\nodejs\\node.exe',
1 verbose cli   'C:\\Program Files\\nodejs\\node_modules\\npm\\bin\\npm-cli.js',
1 verbose cli   'install',
1 verbose cli   'chai-spies' ]
2 info using npm@3.10.10
3 info using node@v6.10.0
4 silly loadCurrentTree Starting
5 silly install loadCurrentTree
6 silly install readLocalPackageData
7 silly fetchPackageMetaData chai-spies@^0.7.1
8 silly fetchNamedPackageData chai-spies
9 silly mapToRegistry name chai-spies
10 silly mapToRegistry using default registry
11 silly mapToRegistry registry https://registry.npmjs.org/
12 silly mapToRegistry data Result {
12 silly mapToRegistry   raw: 'chai-spies',
12 silly mapToRegistry   scope: null,
12 silly mapToRegistry   escapedName: 'chai-spies',
12 silly mapToRegistry   name: 'chai-spies',
12 silly mapToRegistry   rawSpec: '',
12 silly mapToRegistry   spec: 'latest',
12 silly mapToRegistry   type: 'tag' }
13 silly mapToRegistry uri https://registry.npmjs.org/chai-spies
14 verbose request uri https://registry.npmjs.org/chai-spies
15 verbose request no auth needed
16 info attempt registry request try #1 at 5:44:50 AM
17 verbose request id 48c8561650f69c42
18 verbose etag W/"57077b1f-49ef"
19 verbose lastModified Fri, 08 Apr 2016 09:34:23 GMT
20 http request GET https://registry.npmjs.org/chai-spies
21 http 304 https://registry.npmjs.org/chai-spies
22 verbose headers { date: 'Sun, 09 Jul 2017 03:44:47 GMT',
22 verbose headers   via: '1.1 varnish',
22 verbose headers   'cache-control': 'max-age=300',
22 verbose headers   etag: 'W/"57077b1f-49ef"',
22 verbose headers   age: '0',
22 verbose headers   connection: 'keep-alive',
22 verbose headers   'x-served-by': 'cache-bma7026-BMA',
22 verbose headers   'x-cache': 'MISS',
22 verbose headers   'x-cache-hits': '0',
22 verbose headers   'x-timer': 'S1499571888.745795,VS0,VE220',
22 verbose headers   vary: 'Accept-Encoding, Accept' }
23 silly get cb [ 304,
23 silly get   { date: 'Sun, 09 Jul 2017 03:44:47 GMT',
23 silly get     via: '1.1 varnish',
23 silly get     'cache-control': 'max-age=300',
23 silly get     etag: 'W/"57077b1f-49ef"',
23 silly get     age: '0',
23 silly get     connection: 'keep-alive',
23 silly get     'x-served-by': 'cache-bma7026-BMA',
23 silly get     'x-cache': 'MISS',
23 silly get     'x-cache-hits': '0',
23 silly get     'x-timer': 'S1499571888.745795,VS0,VE220',
23 silly get     vary: 'Accept-Encoding, Accept' } ]
24 verbose etag https://registry.npmjs.org/chai-spies from cache
25 verbose get saving chai-spies to C:\Users\Andre\AppData\Roaming\npm-cache\registry.npmjs.org\chai-spies\.cache.json
26 verbose correctMkdir C:\Users\Andre\AppData\Roaming\npm-cache correctMkdir not in flight; initializing
27 silly install normalizeTree
28 silly loadCurrentTree Finishing
29 silly loadIdealTree Starting
30 silly install loadIdealTree
31 silly cloneCurrentTree Starting
32 silly install cloneCurrentTreeToIdealTree
33 silly cloneCurrentTree Finishing
34 silly loadShrinkwrap Starting
35 silly install loadShrinkwrap
36 silly loadShrinkwrap Finishing
37 silly loadAllDepsIntoIdealTree Starting
38 silly install loadAllDepsIntoIdealTree
39 silly resolveWithNewModule chai-spies@0.7.1 checking installable status
40 silly cache add args [ 'chai-spies@^0.7.1', null ]
41 verbose cache add spec chai-spies@^0.7.1
42 silly cache add parsed spec Result {
42 silly cache add   raw: 'chai-spies@^0.7.1',
42 silly cache add   scope: null,
42 silly cache add   escapedName: 'chai-spies',
42 silly cache add   name: 'chai-spies',
42 silly cache add   rawSpec: '^0.7.1',
42 silly cache add   spec: '>=0.7.1 <0.8.0',
42 silly cache add   type: 'range' }
43 silly addNamed chai-spies@>=0.7.1 <0.8.0
44 verbose addNamed ">=0.7.1 <0.8.0" is a valid semver range for chai-spies
45 silly addNameRange { name: 'chai-spies', range: '>=0.7.1 <0.8.0', hasData: false }
46 silly mapToRegistry name chai-spies
47 silly mapToRegistry using default registry
48 silly mapToRegistry registry https://registry.npmjs.org/
49 silly mapToRegistry data Result {
49 silly mapToRegistry   raw: 'chai-spies',
49 silly mapToRegistry   scope: null,
49 silly mapToRegistry   escapedName: 'chai-spies',
49 silly mapToRegistry   name: 'chai-spies',
49 silly mapToRegistry   rawSpec: '',
49 silly mapToRegistry   spec: 'latest',
49 silly mapToRegistry   type: 'tag' }
50 silly mapToRegistry uri https://registry.npmjs.org/chai-spies
51 verbose addNameRange registry:https://registry.npmjs.org/chai-spies not in flight; fetching
52 verbose get https://registry.npmjs.org/chai-spies not expired, no request
53 silly addNameRange number 2 { name: 'chai-spies', range: '>=0.7.1 <0.8.0', hasData: true }
54 silly addNameRange versions [ 'chai-spies',
54 silly addNameRange   [ '0.1.0',
54 silly addNameRange     '0.2.0',
54 silly addNameRange     '0.2.1',
54 silly addNameRange     '0.2.2',
54 silly addNameRange     '0.2.3',
54 silly addNameRange     '0.3.0',
54 silly addNameRange     '0.4.0',
54 silly addNameRange     '0.5.0',
54 silly addNameRange     '0.5.1',
54 silly addNameRange     '0.6.0',
54 silly addNameRange     '0.7.0',
54 silly addNameRange     '0.7.1' ] ]
55 silly addNamed chai-spies@0.7.1
56 verbose addNamed "0.7.1" is a plain semver version for chai-spies
57 silly cache afterAdd chai-spies@0.7.1
58 verbose afterAdd C:\Users\Andre\AppData\Roaming\npm-cache\chai-spies\0.7.1\package\package.json not in flight; writing
59 verbose correctMkdir C:\Users\Andre\AppData\Roaming\npm-cache correctMkdir not in flight; initializing
60 verbose afterAdd C:\Users\Andre\AppData\Roaming\npm-cache\chai-spies\0.7.1\package\package.json written
61 silly loadAllDepsIntoIdealTree Finishing
62 silly loadIdealTree Finishing
63 silly currentTree ticker@0.1.0
63 silly currentTree +-- assertion-error@1.0.2
63 silly currentTree +-- balanced-match@1.0.0
63 silly currentTree +-- brace-expansion@1.1.8
63 silly currentTree +-- browser-stdout@1.3.0
63 silly currentTree +-- chai-spies@0.7.1
63 silly currentTree +-- chai@4.0.2
63 silly currentTree +-- check-error@1.0.2
63 silly currentTree +-- commander@2.9.0
63 silly currentTree +-- concat-map@0.0.1
63 silly currentTree +-- debug@2.6.0
63 silly currentTree +-- deep-eql@2.0.2
63 silly currentTree | `-- type-detect@3.0.0
63 silly currentTree +-- diff@3.2.0
63 silly currentTree +-- escape-string-regexp@1.0.5
63 silly currentTree +-- fs.realpath@1.0.0
63 silly currentTree +-- get-func-name@2.0.0
63 silly currentTree +-- glob@7.1.1
63 silly currentTree +-- graceful-readlink@1.0.1
63 silly currentTree +-- growl@1.9.2
63 silly currentTree +-- has-flag@1.0.0
63 silly currentTree +-- inflight@1.0.6
63 silly currentTree +-- inherits@2.0.3
63 silly currentTree +-- json3@3.3.2
63 silly currentTree +-- lodash._baseassign@3.2.0
63 silly currentTree +-- lodash._basecopy@3.0.1
63 silly currentTree +-- lodash._basecreate@3.0.3
63 silly currentTree +-- lodash._getnative@3.9.1
63 silly currentTree +-- lodash._isiterateecall@3.0.9
63 silly currentTree +-- lodash.create@3.1.1
63 silly currentTree +-- lodash.isarguments@3.1.0
63 silly currentTree +-- lodash.isarray@3.0.4
63 silly currentTree +-- lodash.keys@3.1.2
63 silly currentTree +-- minimatch@3.0.4
63 silly currentTree +-- minimist@0.0.8
63 silly currentTree +-- mkdirp@0.5.1
63 silly currentTree +-- mocha@3.4.2
63 silly currentTree +-- ms@0.7.2
63 silly currentTree +-- once@1.4.0
63 silly currentTree +-- path-is-absolute@1.0.1
63 silly currentTree +-- pathval@1.1.0
63 silly currentTree +-- supports-color@3.1.2
63 silly currentTree +-- type-detect@4.0.3
63 silly currentTree `-- wrappy@1.0.2
64 silly idealTree ticker@0.1.0
64 silly idealTree +-- assertion-error@1.0.2
64 silly idealTree +-- balanced-match@1.0.0
64 silly idealTree +-- brace-expansion@1.1.8
64 silly idealTree +-- browser-stdout@1.3.0
64 silly idealTree +-- chai-spies@0.7.1
64 silly idealTree +-- chai@4.0.2
64 silly idealTree +-- check-error@1.0.2
64 silly idealTree +-- commander@2.9.0
64 silly idealTree +-- concat-map@0.0.1
64 silly idealTree +-- debug@2.6.0
64 silly idealTree +-- deep-eql@2.0.2
64 silly idealTree | `-- type-detect@3.0.0
64 silly idealTree +-- diff@3.2.0
64 silly idealTree +-- escape-string-regexp@1.0.5
64 silly idealTree +-- fs.realpath@1.0.0
64 silly idealTree +-- get-func-name@2.0.0
64 silly idealTree +-- glob@7.1.1
64 silly idealTree +-- graceful-readlink@1.0.1
64 silly idealTree +-- growl@1.9.2
64 silly idealTree +-- has-flag@1.0.0
64 silly idealTree +-- inflight@1.0.6
64 silly idealTree +-- inherits@2.0.3
64 silly idealTree +-- json3@3.3.2
64 silly idealTree +-- lodash._baseassign@3.2.0
64 silly idealTree +-- lodash._basecopy@3.0.1
64 silly idealTree +-- lodash._basecreate@3.0.3
64 silly idealTree +-- lodash._getnative@3.9.1
64 silly idealTree +-- lodash._isiterateecall@3.0.9
64 silly idealTree +-- lodash.create@3.1.1
64 silly idealTree +-- lodash.isarguments@3.1.0
64 silly idealTree +-- lodash.isarray@3.0.4
64 silly idealTree +-- lodash.keys@3.1.2
64 silly idealTree +-- minimatch@3.0.4
64 silly idealTree +-- minimist@0.0.8
64 silly idealTree +-- mkdirp@0.5.1
64 silly idealTree +-- mocha@3.4.2
64 silly idealTree +-- ms@0.7.2
64 silly idealTree +-- once@1.4.0
64 silly idealTree +-- path-is-absolute@1.0.1
64 silly idealTree +-- pathval@1.1.0
64 silly idealTree +-- supports-color@3.1.2
64 silly idealTree +-- type-detect@4.0.3
64 silly idealTree `-- wrappy@1.0.2
65 silly generateActionsToTake Starting
66 silly install generateActionsToTake
67 silly generateActionsToTake Finishing
68 silly diffTrees action count 1
69 silly diffTrees update chai-spies@0.7.1
70 silly decomposeActions action count 9
71 silly decomposeActions remove chai-spies@0.7.1
72 silly decomposeActions fetch chai-spies@0.7.1
73 silly decomposeActions extract chai-spies@0.7.1
74 silly decomposeActions test chai-spies@0.7.1
75 silly decomposeActions preinstall chai-spies@0.7.1
76 silly decomposeActions build chai-spies@0.7.1
77 silly decomposeActions install chai-spies@0.7.1
78 silly decomposeActions postinstall chai-spies@0.7.1
79 silly decomposeActions finalize chai-spies@0.7.1
80 silly runTopLevelLifecycles Starting
81 silly executeActions Starting
82 silly install executeActions
83 silly doSerial global-install 0
84 silly doParallel fetch 1
85 verbose correctMkdir C:\Users\Andre\AppData\Roaming\npm-cache\_locks correctMkdir not in flight; initializing
86 verbose lock using C:\Users\Andre\AppData\Roaming\npm-cache\_locks\staging-5b34712cd95e9d5c.lock for C:\Users\Andre\Desktop\DEV\repos\ticker\node_modules\.staging
87 silly doParallel extract 1
88 silly extract chai-spies@0.7.1
89 verbose unbuild node_modules\.staging\chai-spies-eb1b4ef3
90 silly gentlyRm C:\Users\Andre\Desktop\DEV\repos\ticker\node_modules\.staging\chai-spies-eb1b4ef3 is being purged from base C:\Users\Andre\Desktop\DEV\repos\ticker
91 verbose gentlyRm don't care about contents; nuking C:\Users\Andre\Desktop\DEV\repos\ticker\node_modules\.staging\chai-spies-eb1b4ef3
92 verbose tar unpack C:\Users\Andre\AppData\Roaming\npm-cache\chai-spies\0.7.1\package.tgz
93 verbose tar unpacking to C:\Users\Andre\Desktop\DEV\repos\ticker\node_modules\.staging\chai-spies-eb1b4ef3
94 silly gentlyRm C:\Users\Andre\Desktop\DEV\repos\ticker\node_modules\.staging\chai-spies-eb1b4ef3 is being purged
95 verbose gentlyRm don't care about contents; nuking C:\Users\Andre\Desktop\DEV\repos\ticker\node_modules\.staging\chai-spies-eb1b4ef3
96 silly gunzTarPerm modes [ '777', '666' ]
97 silly gunzTarPerm extractEntry package.json
98 silly gunzTarPerm modified mode [ 'package.json', 436, 438 ]
99 silly gunzTarPerm extractEntry .npmignore
100 silly gunzTarPerm modified mode [ '.npmignore', 436, 438 ]
101 silly gunzTarPerm extractEntry README.md
102 silly gunzTarPerm modified mode [ 'README.md', 436, 438 ]
103 silly gunzTarPerm extractEntry LICENSE
104 silly gunzTarPerm modified mode [ 'LICENSE', 436, 438 ]
105 silly gunzTarPerm extractEntry chai-spies.js
106 silly gunzTarPerm modified mode [ 'chai-spies.js', 436, 438 ]
107 silly gunzTarPerm extractEntry index.js
108 silly gunzTarPerm modified mode [ 'index.js', 436, 438 ]
109 silly gunzTarPerm extractEntry bower.json
110 silly gunzTarPerm modified mode [ 'bower.json', 436, 438 ]
111 silly gunzTarPerm extractEntry .travis.yml
112 silly gunzTarPerm modified mode [ '.travis.yml', 436, 438 ]
113 silly gunzTarPerm extractEntry ReleaseNotes.md
114 silly gunzTarPerm modified mode [ 'ReleaseNotes.md', 436, 438 ]
115 silly gunzTarPerm extractEntry History.md
116 silly gunzTarPerm modified mode [ 'History.md', 436, 438 ]
117 silly gunzTarPerm extractEntry component.json
118 silly gunzTarPerm modified mode [ 'component.json', 436, 438 ]
119 silly gunzTarPerm extractEntry lib/spy.js
120 silly gunzTarPerm modified mode [ 'lib/spy.js', 436, 438 ]
121 silly gunzTarPerm extractEntry support/compile.js
122 silly gunzTarPerm modified mode [ 'support/compile.js', 436, 438 ]
123 silly gunzTarPerm extractEntry Makefile
124 silly gunzTarPerm modified mode [ 'Makefile', 436, 438 ]
125 silly gunzTarPerm extractEntry test/spies.js
126 silly gunzTarPerm modified mode [ 'test/spies.js', 436, 438 ]
127 silly gunzTarPerm extractEntry test/browser/index.html
128 silly gunzTarPerm modified mode [ 'test/browser/index.html', 436, 438 ]
129 silly gentlyRm C:\Users\Andre\Desktop\DEV\repos\ticker\node_modules\.staging\chai-spies-eb1b4ef3\node_modules is being purged
130 verbose gentlyRm don't care about contents; nuking C:\Users\Andre\Desktop\DEV\repos\ticker\node_modules\.staging\chai-spies-eb1b4ef3\node_modules
131 silly doParallel preinstall 1
132 silly preinstall chai-spies@0.7.1 C:\Users\Andre\Desktop\DEV\repos\ticker\node_modules\.staging\chai-spies-eb1b4ef3
133 info lifecycle chai-spies@0.7.1~preinstall: chai-spies@0.7.1
134 silly lifecycle chai-spies@0.7.1~preinstall: no script for preinstall, continuing
135 silly doReverseSerial remove 1
136 silly remove C:\Users\Andre\Desktop\DEV\repos\ticker\node_modules\chai-spies
137 verbose unbuild node_modules\chai-spies
138 info lifecycle chai-spies@0.7.1~preuninstall: chai-spies@0.7.1
139 silly lifecycle chai-spies@0.7.1~preuninstall: no script for preuninstall, continuing
140 info lifecycle chai-spies@0.7.1~uninstall: chai-spies@0.7.1
141 silly lifecycle chai-spies@0.7.1~uninstall: no script for uninstall, continuing
142 verbose unbuild rmStuff chai-spies@0.7.1 from C:\Users\Andre\Desktop\DEV\repos\ticker\node_modules
143 info lifecycle chai-spies@0.7.1~postuninstall: chai-spies@0.7.1
144 silly lifecycle chai-spies@0.7.1~postuninstall: no script for postuninstall, continuing
145 silly gentlyRm C:\Users\Andre\Desktop\DEV\repos\ticker\node_modules\chai-spies is being purged from base C:\Users\Andre\Desktop\DEV\repos\ticker
146 verbose gentlyRm don't care about contents; nuking C:\Users\Andre\Desktop\DEV\repos\ticker\node_modules\chai-spies
147 silly vacuum-fs purging C:\Users\Andre\Desktop\DEV\repos\ticker\node_modules\chai-spies
148 silly vacuum-fs quitting because other entries in C:\Users\Andre\Desktop\DEV\repos\ticker\node_modules
149 verbose unlock done using C:\Users\Andre\AppData\Roaming\npm-cache\_locks\staging-5b34712cd95e9d5c.lock for C:\Users\Andre\Desktop\DEV\repos\ticker\node_modules\.staging
150 silly rollbackFailedOptional Starting
151 silly rollbackFailedOptional Finishing
152 silly runTopLevelLifecycles Finishing
153 silly install printInstalled
154 verbose stack Error: EPERM: operation not permitted, unlink 'C:\Users\Andre\Desktop\DEV\repos\ticker\node_modules\chai-spies'
154 verbose stack     at Error (native)
155 verbose cwd C:\Users\Andre\Desktop\DEV\repos\ticker
156 error Windows_NT 6.3.9600
157 error argv "C:\\Program Files\\nodejs\\node.exe" "C:\\Program Files\\nodejs\\node_modules\\npm\\bin\\npm-cli.js" "install" "chai-spies"
158 error node v6.10.0
159 error npm  v3.10.10
160 error path C:\Users\Andre\Desktop\DEV\repos\ticker\node_modules\chai-spies
161 error code EPERM
162 error errno -4048
163 error syscall unlink
164 error Error: EPERM: operation not permitted, unlink 'C:\Users\Andre\Desktop\DEV\repos\ticker\node_modules\chai-spies'
164 error     at Error (native)
164 error  { Error: EPERM: operation not permitted, unlink 'C:\Users\Andre\Desktop\DEV\repos\ticker\node_modules\chai-spies'
164 error     at Error (native)
164 error   errno: -4048,
164 error   code: 'EPERM',
164 error   syscall: 'unlink',
164 error   path: 'C:\\Users\\Andre\\Desktop\\DEV\\repos\\ticker\\node_modules\\chai-spies',
164 error   parent: 'ticker' }
165 error Please try running this command again as root/Administrator.
166 verbose exit [ -4048, true ]
